<?xml version="1.0" encoding="UTF-8"?>
<testsuite xmlns:xsi="http://www.w3.org/2001/XMLSchema-instance" xsi:noNamespaceSchemaLocation="https://maven.apache.org/surefire/maven-surefire-plugin/xsd/surefire-test-report-3.0.xsd" version="3.0" name="TestSuite" time="77.443" tests="16" errors="0" skipped="0" failures="0">
  <properties>
[...]
</properties>
  <testcase name="testRegisterUser" classname="tests.e2e.CompleteTest" time="19.181">
    <system-err><![CDATA[SLF4J: Failed to load class "org.slf4j.impl.StaticLoggerBinder".
SLF4J: Defaulting to no-operation (NOP) logger implementation
SLF4J: See http://www.slf4j.org/codes.html#StaticLoggerBinder for further details.
]]></system-err>
  </testcase>
  <testcase name="testRegisterUser" classname="tests.e2e.CompleteTest" time="0.08"/>
  <testcase name="testLogin" classname="tests.e2e.CompleteTest" time="1.035"/>
  <testcase name="testLogin" classname="tests.e2e.CompleteTest" time="0.012"/>
  <testcase name="testAddProductToCart" classname="tests.e2e.CompleteTest" time="11.244"/>
  <testcase name="testAddProductToCart" classname="tests.e2e.CompleteTest" time="0.222"/>
  <testcase name="testProductCheckout" classname="tests.e2e.CompleteTest" time="10.348"/>
  <testcase name="testProductCheckout" classname="tests.e2e.CompleteTest" time="0.299"/>
  <testcase name="testSelectDelivery" classname="tests.e2e.CompleteTest" time="5.565"/>
  <testcase name="testSelectDelivery" classname="tests.e2e.CompleteTest" time="0.884"/>
  <testcase name="testMakePayment" classname="tests.e2e.CompleteTest" time="3.554"/>
  <testcase name="testMakePayment" classname="tests.e2e.CompleteTest" time="0.054"/>
  <testcase name="testOrderSummary" classname="tests.e2e.CompleteTest" time="7.117"/>
  <testcase name="testOrderSummary" classname="tests.e2e.CompleteTest" time="0.032"/>
  <testcase name="testOrderConfirmation" classname="tests.e2e.CompleteTest" time="0.785"/>
  <testcase name="testOrderConfirmation" classname="tests.e2e.CompleteTest" time="0.809"/>
</testsuite>